
*** Running vivado
    with args -log thinpad_top.vds -m64 -product Vivado -mode batch -messageDb vivado.pb -notrace -source thinpad_top.tcl


****** Vivado v2018.2 (64-bit)
  **** SW Build 2258646 on Thu Jun 14 20:03:12 MDT 2018
  **** IP Build 2256618 on Thu Jun 14 22:10:49 MDT 2018
    ** Copyright 1986-2018 Xilinx, Inc. All Rights Reserved.

source thinpad_top.tcl -notrace
Command: synth_design -top thinpad_top -part xc7a100tfgg676-2L
Starting synth_design
Attempting to get a license for feature 'Synthesis' and/or device 'xc7a100t'
INFO: [Common 17-349] Got license for feature 'Synthesis' and/or device 'xc7a100t'
INFO: Launching helper process for spawning children vivado processes
INFO: Helper process launched with PID 3664 
WARNING: [Synth 8-1849] concatenation with unsized literal; will interpret as 32 bits [D:/2018autumn/organization/Simple-ALU/thinpad_top.srcs/sources_1/new/thinpad_top.v:190]
WARNING: [Synth 8-1849] concatenation with unsized literal; will interpret as 32 bits [D:/2018autumn/organization/Simple-ALU/thinpad_top.srcs/sources_1/new/thinpad_top.v:190]
WARNING: [Synth 8-1849] concatenation with unsized literal; will interpret as 32 bits [D:/2018autumn/organization/Simple-ALU/thinpad_top.srcs/sources_1/new/thinpad_top.v:193]
WARNING: [Synth 8-1849] concatenation with unsized literal; will interpret as 32 bits [D:/2018autumn/organization/Simple-ALU/thinpad_top.srcs/sources_1/new/thinpad_top.v:193]
WARNING: [Synth 8-1849] concatenation with unsized literal; will interpret as 32 bits [D:/2018autumn/organization/Simple-ALU/thinpad_top.srcs/sources_1/new/thinpad_top.v:196]
WARNING: [Synth 8-1849] concatenation with unsized literal; will interpret as 32 bits [D:/2018autumn/organization/Simple-ALU/thinpad_top.srcs/sources_1/new/thinpad_top.v:199]
WARNING: [Synth 8-1849] concatenation with unsized literal; will interpret as 32 bits [D:/2018autumn/organization/Simple-ALU/thinpad_top.srcs/sources_1/new/thinpad_top.v:202]
---------------------------------------------------------------------------------
Starting RTL Elaboration : Time (s): cpu = 00:00:02 ; elapsed = 00:00:02 . Memory (MB): peak = 399.152 ; gain = 109.961
---------------------------------------------------------------------------------
INFO: [Synth 8-6157] synthesizing module 'thinpad_top' [D:/2018autumn/organization/Simple-ALU/thinpad_top.srcs/sources_1/new/thinpad_top.v:3]
	Parameter INPUT_A bound to: 2'b00 
	Parameter INPUT_B bound to: 2'b01 
	Parameter CALC_OP bound to: 2'b10 
	Parameter CALC_FO bound to: 2'b11 
INFO: [Synth 8-6157] synthesizing module 'pll_example' [D:/2018autumn/organization/Simple-ALU/thinpad_top.runs/synth_1/.Xil/Vivado-4964-DESKTOP-N99O3L4/realtime/pll_example_stub.v:5]
INFO: [Synth 8-6155] done synthesizing module 'pll_example' (1#1) [D:/2018autumn/organization/Simple-ALU/thinpad_top.runs/synth_1/.Xil/Vivado-4964-DESKTOP-N99O3L4/realtime/pll_example_stub.v:5]
INFO: [Synth 8-226] default block is never used [D:/2018autumn/organization/Simple-ALU/thinpad_top.srcs/sources_1/new/thinpad_top.v:175]
INFO: [Synth 8-6157] synthesizing module 'async_receiver' [D:/2018autumn/organization/Simple-ALU/thinpad_top.srcs/sources_1/new/async.v:75]
	Parameter ClkFrequency bound to: 50000000 - type: integer 
	Parameter Baud bound to: 9600 - type: integer 
	Parameter Oversampling bound to: 8 - type: integer 
	Parameter l2o bound to: 4 - type: integer 
INFO: [Synth 8-6157] synthesizing module 'BaudTickGen' [D:/2018autumn/organization/Simple-ALU/thinpad_top.srcs/sources_1/new/async.v:189]
	Parameter ClkFrequency bound to: 50000000 - type: integer 
	Parameter Baud bound to: 9600 - type: integer 
	Parameter Oversampling bound to: 8 - type: integer 
	Parameter AccWidth bound to: 21 - type: integer 
	Parameter ShiftLimiter bound to: 7 - type: integer 
	Parameter Inc bound to: 3221 - type: integer 
INFO: [Synth 8-6155] done synthesizing module 'BaudTickGen' (2#1) [D:/2018autumn/organization/Simple-ALU/thinpad_top.srcs/sources_1/new/async.v:189]
INFO: [Synth 8-6155] done synthesizing module 'async_receiver' (3#1) [D:/2018autumn/organization/Simple-ALU/thinpad_top.srcs/sources_1/new/async.v:75]
WARNING: [Synth 8-350] instance 'ext_uart_r' of module 'async_receiver' requires 7 connections, but only 5 given [D:/2018autumn/organization/Simple-ALU/thinpad_top.srcs/sources_1/new/thinpad_top.v:244]
INFO: [Synth 8-6157] synthesizing module 'async_transmitter' [D:/2018autumn/organization/Simple-ALU/thinpad_top.srcs/sources_1/new/async.v:14]
	Parameter ClkFrequency bound to: 50000000 - type: integer 
	Parameter Baud bound to: 9600 - type: integer 
INFO: [Synth 8-6157] synthesizing module 'BaudTickGen__parameterized0' [D:/2018autumn/organization/Simple-ALU/thinpad_top.srcs/sources_1/new/async.v:189]
	Parameter ClkFrequency bound to: 50000000 - type: integer 
	Parameter Baud bound to: 9600 - type: integer 
	Parameter Oversampling bound to: 1 - type: integer 
	Parameter AccWidth bound to: 21 - type: integer 
	Parameter ShiftLimiter bound to: 4 - type: integer 
	Parameter Inc bound to: 403 - type: integer 
INFO: [Synth 8-6155] done synthesizing module 'BaudTickGen__parameterized0' (3#1) [D:/2018autumn/organization/Simple-ALU/thinpad_top.srcs/sources_1/new/async.v:189]
INFO: [Synth 8-6155] done synthesizing module 'async_transmitter' (4#1) [D:/2018autumn/organization/Simple-ALU/thinpad_top.srcs/sources_1/new/async.v:14]
INFO: [Synth 8-6157] synthesizing module 'vga' [D:/2018autumn/organization/Simple-ALU/thinpad_top.srcs/sources_1/new/vga.v:15]
	Parameter WIDTH bound to: 12 - type: integer 
	Parameter HSIZE bound to: 800 - type: integer 
	Parameter HFP bound to: 856 - type: integer 
	Parameter HSP bound to: 976 - type: integer 
	Parameter HMAX bound to: 1040 - type: integer 
	Parameter VSIZE bound to: 600 - type: integer 
	Parameter VFP bound to: 637 - type: integer 
	Parameter VSP bound to: 643 - type: integer 
	Parameter VMAX bound to: 666 - type: integer 
	Parameter HSPP bound to: 1 - type: integer 
	Parameter VSPP bound to: 1 - type: integer 
INFO: [Synth 8-6155] done synthesizing module 'vga' (5#1) [D:/2018autumn/organization/Simple-ALU/thinpad_top.srcs/sources_1/new/vga.v:15]
WARNING: [Synth 8-5788] Register op_reg in module thinpad_top is has both Set and reset with same priority. This may cause simulation mismatches. Consider rewriting code  [D:/2018autumn/organization/Simple-ALU/thinpad_top.srcs/sources_1/new/thinpad_top.v:187]
WARNING: [Synth 8-3848] Net dpy0 in module/entity thinpad_top does not have driver. [D:/2018autumn/organization/Simple-ALU/thinpad_top.srcs/sources_1/new/thinpad_top.v:13]
WARNING: [Synth 8-3848] Net dpy1 in module/entity thinpad_top does not have driver. [D:/2018autumn/organization/Simple-ALU/thinpad_top.srcs/sources_1/new/thinpad_top.v:14]
WARNING: [Synth 8-3848] Net uart_rdn in module/entity thinpad_top does not have driver. [D:/2018autumn/organization/Simple-ALU/thinpad_top.srcs/sources_1/new/thinpad_top.v:17]
WARNING: [Synth 8-3848] Net uart_wrn in module/entity thinpad_top does not have driver. [D:/2018autumn/organization/Simple-ALU/thinpad_top.srcs/sources_1/new/thinpad_top.v:18]
WARNING: [Synth 8-3848] Net base_ram_addr in module/entity thinpad_top does not have driver. [D:/2018autumn/organization/Simple-ALU/thinpad_top.srcs/sources_1/new/thinpad_top.v:25]
WARNING: [Synth 8-3848] Net base_ram_be_n in module/entity thinpad_top does not have driver. [D:/2018autumn/organization/Simple-ALU/thinpad_top.srcs/sources_1/new/thinpad_top.v:26]
WARNING: [Synth 8-3848] Net base_ram_ce_n in module/entity thinpad_top does not have driver. [D:/2018autumn/organization/Simple-ALU/thinpad_top.srcs/sources_1/new/thinpad_top.v:27]
WARNING: [Synth 8-3848] Net base_ram_oe_n in module/entity thinpad_top does not have driver. [D:/2018autumn/organization/Simple-ALU/thinpad_top.srcs/sources_1/new/thinpad_top.v:28]
WARNING: [Synth 8-3848] Net base_ram_we_n in module/entity thinpad_top does not have driver. [D:/2018autumn/organization/Simple-ALU/thinpad_top.srcs/sources_1/new/thinpad_top.v:29]
WARNING: [Synth 8-3848] Net ext_ram_addr in module/entity thinpad_top does not have driver. [D:/2018autumn/organization/Simple-ALU/thinpad_top.srcs/sources_1/new/thinpad_top.v:33]
WARNING: [Synth 8-3848] Net ext_ram_be_n in module/entity thinpad_top does not have driver. [D:/2018autumn/organization/Simple-ALU/thinpad_top.srcs/sources_1/new/thinpad_top.v:34]
WARNING: [Synth 8-3848] Net ext_ram_ce_n in module/entity thinpad_top does not have driver. [D:/2018autumn/organization/Simple-ALU/thinpad_top.srcs/sources_1/new/thinpad_top.v:35]
WARNING: [Synth 8-3848] Net ext_ram_oe_n in module/entity thinpad_top does not have driver. [D:/2018autumn/organization/Simple-ALU/thinpad_top.srcs/sources_1/new/thinpad_top.v:36]
WARNING: [Synth 8-3848] Net ext_ram_we_n in module/entity thinpad_top does not have driver. [D:/2018autumn/organization/Simple-ALU/thinpad_top.srcs/sources_1/new/thinpad_top.v:37]
WARNING: [Synth 8-3848] Net flash_a in module/entity thinpad_top does not have driver. [D:/2018autumn/organization/Simple-ALU/thinpad_top.srcs/sources_1/new/thinpad_top.v:44]
WARNING: [Synth 8-3848] Net flash_rp_n in module/entity thinpad_top does not have driver. [D:/2018autumn/organization/Simple-ALU/thinpad_top.srcs/sources_1/new/thinpad_top.v:46]
WARNING: [Synth 8-3848] Net flash_vpen in module/entity thinpad_top does not have driver. [D:/2018autumn/organization/Simple-ALU/thinpad_top.srcs/sources_1/new/thinpad_top.v:47]
WARNING: [Synth 8-3848] Net flash_ce_n in module/entity thinpad_top does not have driver. [D:/2018autumn/organization/Simple-ALU/thinpad_top.srcs/sources_1/new/thinpad_top.v:48]
WARNING: [Synth 8-3848] Net flash_oe_n in module/entity thinpad_top does not have driver. [D:/2018autumn/organization/Simple-ALU/thinpad_top.srcs/sources_1/new/thinpad_top.v:49]
WARNING: [Synth 8-3848] Net flash_we_n in module/entity thinpad_top does not have driver. [D:/2018autumn/organization/Simple-ALU/thinpad_top.srcs/sources_1/new/thinpad_top.v:50]
WARNING: [Synth 8-3848] Net flash_byte_n in module/entity thinpad_top does not have driver. [D:/2018autumn/organization/Simple-ALU/thinpad_top.srcs/sources_1/new/thinpad_top.v:51]
WARNING: [Synth 8-3848] Net sl811_a0 in module/entity thinpad_top does not have driver. [D:/2018autumn/organization/Simple-ALU/thinpad_top.srcs/sources_1/new/thinpad_top.v:54]
WARNING: [Synth 8-3848] Net sl811_wr_n in module/entity thinpad_top does not have driver. [D:/2018autumn/organization/Simple-ALU/thinpad_top.srcs/sources_1/new/thinpad_top.v:56]
WARNING: [Synth 8-3848] Net sl811_rd_n in module/entity thinpad_top does not have driver. [D:/2018autumn/organization/Simple-ALU/thinpad_top.srcs/sources_1/new/thinpad_top.v:57]
WARNING: [Synth 8-3848] Net sl811_cs_n in module/entity thinpad_top does not have driver. [D:/2018autumn/organization/Simple-ALU/thinpad_top.srcs/sources_1/new/thinpad_top.v:58]
WARNING: [Synth 8-3848] Net sl811_rst_n in module/entity thinpad_top does not have driver. [D:/2018autumn/organization/Simple-ALU/thinpad_top.srcs/sources_1/new/thinpad_top.v:59]
WARNING: [Synth 8-3848] Net sl811_dack_n in module/entity thinpad_top does not have driver. [D:/2018autumn/organization/Simple-ALU/thinpad_top.srcs/sources_1/new/thinpad_top.v:60]
WARNING: [Synth 8-3848] Net dm9k_cmd in module/entity thinpad_top does not have driver. [D:/2018autumn/organization/Simple-ALU/thinpad_top.srcs/sources_1/new/thinpad_top.v:65]
WARNING: [Synth 8-3848] Net dm9k_iow_n in module/entity thinpad_top does not have driver. [D:/2018autumn/organization/Simple-ALU/thinpad_top.srcs/sources_1/new/thinpad_top.v:67]
WARNING: [Synth 8-3848] Net dm9k_ior_n in module/entity thinpad_top does not have driver. [D:/2018autumn/organization/Simple-ALU/thinpad_top.srcs/sources_1/new/thinpad_top.v:68]
WARNING: [Synth 8-3848] Net dm9k_cs_n in module/entity thinpad_top does not have driver. [D:/2018autumn/organization/Simple-ALU/thinpad_top.srcs/sources_1/new/thinpad_top.v:69]
WARNING: [Synth 8-3848] Net dm9k_pwrst_n in module/entity thinpad_top does not have driver. [D:/2018autumn/organization/Simple-ALU/thinpad_top.srcs/sources_1/new/thinpad_top.v:70]
INFO: [Synth 8-6155] done synthesizing module 'thinpad_top' (6#1) [D:/2018autumn/organization/Simple-ALU/thinpad_top.srcs/sources_1/new/thinpad_top.v:3]
WARNING: [Synth 8-3331] design thinpad_top has unconnected port dpy0[7]
WARNING: [Synth 8-3331] design thinpad_top has unconnected port dpy0[6]
WARNING: [Synth 8-3331] design thinpad_top has unconnected port dpy0[5]
WARNING: [Synth 8-3331] design thinpad_top has unconnected port dpy0[4]
WARNING: [Synth 8-3331] design thinpad_top has unconnected port dpy0[3]
WARNING: [Synth 8-3331] design thinpad_top has unconnected port dpy0[2]
WARNING: [Synth 8-3331] design thinpad_top has unconnected port dpy0[1]
WARNING: [Synth 8-3331] design thinpad_top has unconnected port dpy0[0]
WARNING: [Synth 8-3331] design thinpad_top has unconnected port dpy1[7]
WARNING: [Synth 8-3331] design thinpad_top has unconnected port dpy1[6]
WARNING: [Synth 8-3331] design thinpad_top has unconnected port dpy1[5]
WARNING: [Synth 8-3331] design thinpad_top has unconnected port dpy1[4]
WARNING: [Synth 8-3331] design thinpad_top has unconnected port dpy1[3]
WARNING: [Synth 8-3331] design thinpad_top has unconnected port dpy1[2]
WARNING: [Synth 8-3331] design thinpad_top has unconnected port dpy1[1]
WARNING: [Synth 8-3331] design thinpad_top has unconnected port dpy1[0]
WARNING: [Synth 8-3331] design thinpad_top has unconnected port uart_rdn
WARNING: [Synth 8-3331] design thinpad_top has unconnected port uart_wrn
WARNING: [Synth 8-3331] design thinpad_top has unconnected port base_ram_addr[19]
WARNING: [Synth 8-3331] design thinpad_top has unconnected port base_ram_addr[18]
WARNING: [Synth 8-3331] design thinpad_top has unconnected port base_ram_addr[17]
WARNING: [Synth 8-3331] design thinpad_top has unconnected port base_ram_addr[16]
WARNING: [Synth 8-3331] design thinpad_top has unconnected port base_ram_addr[15]
WARNING: [Synth 8-3331] design thinpad_top has unconnected port base_ram_addr[14]
WARNING: [Synth 8-3331] design thinpad_top has unconnected port base_ram_addr[13]
WARNING: [Synth 8-3331] design thinpad_top has unconnected port base_ram_addr[12]
WARNING: [Synth 8-3331] design thinpad_top has unconnected port base_ram_addr[11]
WARNING: [Synth 8-3331] design thinpad_top has unconnected port base_ram_addr[10]
WARNING: [Synth 8-3331] design thinpad_top has unconnected port base_ram_addr[9]
WARNING: [Synth 8-3331] design thinpad_top has unconnected port base_ram_addr[8]
WARNING: [Synth 8-3331] design thinpad_top has unconnected port base_ram_addr[7]
WARNING: [Synth 8-3331] design thinpad_top has unconnected port base_ram_addr[6]
WARNING: [Synth 8-3331] design thinpad_top has unconnected port base_ram_addr[5]
WARNING: [Synth 8-3331] design thinpad_top has unconnected port base_ram_addr[4]
WARNING: [Synth 8-3331] design thinpad_top has unconnected port base_ram_addr[3]
WARNING: [Synth 8-3331] design thinpad_top has unconnected port base_ram_addr[2]
WARNING: [Synth 8-3331] design thinpad_top has unconnected port base_ram_addr[1]
WARNING: [Synth 8-3331] design thinpad_top has unconnected port base_ram_addr[0]
WARNING: [Synth 8-3331] design thinpad_top has unconnected port base_ram_be_n[3]
WARNING: [Synth 8-3331] design thinpad_top has unconnected port base_ram_be_n[2]
WARNING: [Synth 8-3331] design thinpad_top has unconnected port base_ram_be_n[1]
WARNING: [Synth 8-3331] design thinpad_top has unconnected port base_ram_be_n[0]
WARNING: [Synth 8-3331] design thinpad_top has unconnected port base_ram_ce_n
WARNING: [Synth 8-3331] design thinpad_top has unconnected port base_ram_oe_n
WARNING: [Synth 8-3331] design thinpad_top has unconnected port base_ram_we_n
WARNING: [Synth 8-3331] design thinpad_top has unconnected port ext_ram_addr[19]
WARNING: [Synth 8-3331] design thinpad_top has unconnected port ext_ram_addr[18]
WARNING: [Synth 8-3331] design thinpad_top has unconnected port ext_ram_addr[17]
WARNING: [Synth 8-3331] design thinpad_top has unconnected port ext_ram_addr[16]
WARNING: [Synth 8-3331] design thinpad_top has unconnected port ext_ram_addr[15]
WARNING: [Synth 8-3331] design thinpad_top has unconnected port ext_ram_addr[14]
WARNING: [Synth 8-3331] design thinpad_top has unconnected port ext_ram_addr[13]
WARNING: [Synth 8-3331] design thinpad_top has unconnected port ext_ram_addr[12]
WARNING: [Synth 8-3331] design thinpad_top has unconnected port ext_ram_addr[11]
WARNING: [Synth 8-3331] design thinpad_top has unconnected port ext_ram_addr[10]
WARNING: [Synth 8-3331] design thinpad_top has unconnected port ext_ram_addr[9]
WARNING: [Synth 8-3331] design thinpad_top has unconnected port ext_ram_addr[8]
WARNING: [Synth 8-3331] design thinpad_top has unconnected port ext_ram_addr[7]
WARNING: [Synth 8-3331] design thinpad_top has unconnected port ext_ram_addr[6]
WARNING: [Synth 8-3331] design thinpad_top has unconnected port ext_ram_addr[5]
WARNING: [Synth 8-3331] design thinpad_top has unconnected port ext_ram_addr[4]
WARNING: [Synth 8-3331] design thinpad_top has unconnected port ext_ram_addr[3]
WARNING: [Synth 8-3331] design thinpad_top has unconnected port ext_ram_addr[2]
WARNING: [Synth 8-3331] design thinpad_top has unconnected port ext_ram_addr[1]
WARNING: [Synth 8-3331] design thinpad_top has unconnected port ext_ram_addr[0]
WARNING: [Synth 8-3331] design thinpad_top has unconnected port ext_ram_be_n[3]
WARNING: [Synth 8-3331] design thinpad_top has unconnected port ext_ram_be_n[2]
WARNING: [Synth 8-3331] design thinpad_top has unconnected port ext_ram_be_n[1]
WARNING: [Synth 8-3331] design thinpad_top has unconnected port ext_ram_be_n[0]
WARNING: [Synth 8-3331] design thinpad_top has unconnected port ext_ram_ce_n
WARNING: [Synth 8-3331] design thinpad_top has unconnected port ext_ram_oe_n
WARNING: [Synth 8-3331] design thinpad_top has unconnected port ext_ram_we_n
WARNING: [Synth 8-3331] design thinpad_top has unconnected port flash_a[22]
WARNING: [Synth 8-3331] design thinpad_top has unconnected port flash_a[21]
WARNING: [Synth 8-3331] design thinpad_top has unconnected port flash_a[20]
WARNING: [Synth 8-3331] design thinpad_top has unconnected port flash_a[19]
WARNING: [Synth 8-3331] design thinpad_top has unconnected port flash_a[18]
WARNING: [Synth 8-3331] design thinpad_top has unconnected port flash_a[17]
WARNING: [Synth 8-3331] design thinpad_top has unconnected port flash_a[16]
WARNING: [Synth 8-3331] design thinpad_top has unconnected port flash_a[15]
WARNING: [Synth 8-3331] design thinpad_top has unconnected port flash_a[14]
WARNING: [Synth 8-3331] design thinpad_top has unconnected port flash_a[13]
WARNING: [Synth 8-3331] design thinpad_top has unconnected port flash_a[12]
WARNING: [Synth 8-3331] design thinpad_top has unconnected port flash_a[11]
WARNING: [Synth 8-3331] design thinpad_top has unconnected port flash_a[10]
WARNING: [Synth 8-3331] design thinpad_top has unconnected port flash_a[9]
WARNING: [Synth 8-3331] design thinpad_top has unconnected port flash_a[8]
WARNING: [Synth 8-3331] design thinpad_top has unconnected port flash_a[7]
WARNING: [Synth 8-3331] design thinpad_top has unconnected port flash_a[6]
WARNING: [Synth 8-3331] design thinpad_top has unconnected port flash_a[5]
WARNING: [Synth 8-3331] design thinpad_top has unconnected port flash_a[4]
WARNING: [Synth 8-3331] design thinpad_top has unconnected port flash_a[3]
WARNING: [Synth 8-3331] design thinpad_top has unconnected port flash_a[2]
WARNING: [Synth 8-3331] design thinpad_top has unconnected port flash_a[1]
WARNING: [Synth 8-3331] design thinpad_top has unconnected port flash_a[0]
WARNING: [Synth 8-3331] design thinpad_top has unconnected port flash_rp_n
WARNING: [Synth 8-3331] design thinpad_top has unconnected port flash_vpen
WARNING: [Synth 8-3331] design thinpad_top has unconnected port flash_ce_n
WARNING: [Synth 8-3331] design thinpad_top has unconnected port flash_oe_n
WARNING: [Synth 8-3331] design thinpad_top has unconnected port flash_we_n
INFO: [Common 17-14] Message 'Synth 8-3331' appears 100 times and further instances of the messages will be disabled. Use the Tcl command set_msg_config to change the current settings.
---------------------------------------------------------------------------------
Finished RTL Elaboration : Time (s): cpu = 00:00:03 ; elapsed = 00:00:03 . Memory (MB): peak = 433.402 ; gain = 144.211
---------------------------------------------------------------------------------

Report Check Netlist: 
+------+------------------+-------+---------+-------+------------------+
|      |Item              |Errors |Warnings |Status |Description       |
+------+------------------+-------+---------+-------+------------------+
|1     |multi_driven_nets |      0|        0|Passed |Multi driven nets |
+------+------------------+-------+---------+-------+------------------+
---------------------------------------------------------------------------------
Start Handling Custom Attributes
---------------------------------------------------------------------------------
---------------------------------------------------------------------------------
Finished Handling Custom Attributes : Time (s): cpu = 00:00:03 ; elapsed = 00:00:03 . Memory (MB): peak = 433.402 ; gain = 144.211
---------------------------------------------------------------------------------
---------------------------------------------------------------------------------
Finished RTL Optimization Phase 1 : Time (s): cpu = 00:00:03 ; elapsed = 00:00:03 . Memory (MB): peak = 433.402 ; gain = 144.211
---------------------------------------------------------------------------------
INFO: [Device 21-403] Loading part xc7a100tfgg676-2L
INFO: [Project 1-570] Preparing netlist for logic optimization

Processing XDC Constraints
Initializing timing engine
Parsing XDC File [d:/2018autumn/organization/Simple-ALU/thinpad_top.srcs/sources_1/ip/pll_example/pll_example/pll_example_in_context.xdc] for cell 'clock_gen'
Finished Parsing XDC File [d:/2018autumn/organization/Simple-ALU/thinpad_top.srcs/sources_1/ip/pll_example/pll_example/pll_example_in_context.xdc] for cell 'clock_gen'
Parsing XDC File [D:/2018autumn/organization/Simple-ALU/thinpad_top.srcs/constrs_1/new/thinpad_top.xdc]
WARNING: [Vivado 12-507] No nets matched 'clk_11M0592_IBUF'. [D:/2018autumn/organization/Simple-ALU/thinpad_top.srcs/constrs_1/new/thinpad_top.xdc:4]
WARNING: [Constraints 18-619] A clock with name 'clk_50M' already exists, overwriting the previous clock with the same name. [D:/2018autumn/organization/Simple-ALU/thinpad_top.srcs/constrs_1/new/thinpad_top.xdc:6]
WARNING: [Vivado 12-507] No nets matched 'clock_btn_IBUF'. [D:/2018autumn/organization/Simple-ALU/thinpad_top.srcs/constrs_1/new/thinpad_top.xdc:18]
WARNING: [Vivado 12-507] No nets matched 'reset_btn_IBUF'. [D:/2018autumn/organization/Simple-ALU/thinpad_top.srcs/constrs_1/new/thinpad_top.xdc:19]
Finished Parsing XDC File [D:/2018autumn/organization/Simple-ALU/thinpad_top.srcs/constrs_1/new/thinpad_top.xdc]
WARNING: [Project 1-498] One or more constraints failed evaluation while reading constraint file [D:/2018autumn/organization/Simple-ALU/thinpad_top.srcs/constrs_1/new/thinpad_top.xdc] and the design contains unresolved black boxes. These constraints will be read post-synthesis (as long as their source constraint file is marked as used_in_implementation) and should be applied correctly then. You should review the constraints listed in the file [.Xil/thinpad_top_propImpl.xdc] and check the run log file to verify that these constraints were correctly applied.
INFO: [Project 1-236] Implementation specific constraints were found while reading constraint file [D:/2018autumn/organization/Simple-ALU/thinpad_top.srcs/constrs_1/new/thinpad_top.xdc]. These constraints will be ignored for synthesis but will be used in implementation. Impacted constraints are listed in the file [.Xil/thinpad_top_propImpl.xdc].
Resolution: To avoid this warning, move constraints listed in [.Xil/thinpad_top_propImpl.xdc] to another XDC file and exclude this new file from synthesis with the used_in_synthesis property (File Properties dialog in GUI) and re-run elaboration/synthesis.
Completed Processing XDC Constraints

INFO: [Project 1-111] Unisim Transformation Summary:
No Unisim elements were transformed.

Constraint Validation Runtime : Time (s): cpu = 00:00:00 ; elapsed = 00:00:00.008 . Memory (MB): peak = 797.203 ; gain = 0.000
---------------------------------------------------------------------------------
Finished Constraint Validation : Time (s): cpu = 00:00:11 ; elapsed = 00:00:13 . Memory (MB): peak = 797.203 ; gain = 508.012
---------------------------------------------------------------------------------
---------------------------------------------------------------------------------
Start Loading Part and Timing Information
---------------------------------------------------------------------------------
Loading part: xc7a100tfgg676-2L
---------------------------------------------------------------------------------
Finished Loading Part and Timing Information : Time (s): cpu = 00:00:11 ; elapsed = 00:00:13 . Memory (MB): peak = 797.203 ; gain = 508.012
---------------------------------------------------------------------------------
---------------------------------------------------------------------------------
Start Applying 'set_property' XDC Constraints
---------------------------------------------------------------------------------
Applied set_property IO_BUFFER_TYPE = NONE for clk_50M. (constraint file  d:/2018autumn/organization/Simple-ALU/thinpad_top.srcs/sources_1/ip/pll_example/pll_example/pll_example_in_context.xdc, line 4).
Applied set_property CLOCK_BUFFER_TYPE = NONE for clk_50M. (constraint file  d:/2018autumn/organization/Simple-ALU/thinpad_top.srcs/sources_1/ip/pll_example/pll_example/pll_example_in_context.xdc, line 5).
Applied set_property DONT_TOUCH = true for clock_gen. (constraint file  auto generated constraint, line ).
---------------------------------------------------------------------------------
Finished applying 'set_property' XDC Constraints : Time (s): cpu = 00:00:11 ; elapsed = 00:00:13 . Memory (MB): peak = 797.203 ; gain = 508.012
---------------------------------------------------------------------------------
INFO: [Synth 8-802] inferred FSM for state register 'RxD_state_reg' in module 'async_receiver'
INFO: [Synth 8-5544] ROM "RxD_bit" won't be mapped to Block RAM because address size (2) smaller than threshold (5)
INFO: [Synth 8-5544] ROM "RxD_bit" won't be mapped to Block RAM because address size (2) smaller than threshold (5)
INFO: [Synth 8-5544] ROM "OversamplingCnt0" won't be mapped to Block RAM because address size (4) smaller than threshold (5)
INFO: [Synth 8-802] inferred FSM for state register 'TxD_state_reg' in module 'async_transmitter'
INFO: [Synth 8-5546] ROM "vdata" won't be mapped to RAM because it is too sparse
INFO: [Synth 8-5818] HDL ADVISOR - The operator resource <adder> is shared. To prevent sharing consider applying a KEEP on the output of the operator [D:/2018autumn/organization/Simple-ALU/thinpad_top.srcs/sources_1/new/thinpad_top.v:188]
INFO: [Synth 8-802] inferred FSM for state register 'flag_reg' in module 'thinpad_top'
INFO: [Synth 8-5545] ROM "zf" won't be mapped to RAM because address size (32) is larger than maximum supported(25)
INFO: [Synth 8-5544] ROM "input_a" won't be mapped to Block RAM because address size (2) smaller than threshold (5)
INFO: [Synth 8-5544] ROM "input_b" won't be mapped to Block RAM because address size (2) smaller than threshold (5)
INFO: [Synth 8-5544] ROM "result" won't be mapped to Block RAM because address size (2) smaller than threshold (5)
INFO: [Synth 8-5544] ROM "flag" won't be mapped to Block RAM because address size (2) smaller than threshold (5)
---------------------------------------------------------------------------------------------------
                   State |                     New Encoding |                Previous Encoding 
---------------------------------------------------------------------------------------------------
                 iSTATE5 |                      00000000001 |                             0000
                 iSTATE4 |                      00000000010 |                             0001
                 iSTATE7 |                      00000000100 |                             1000
                 iSTATE6 |                      00000001000 |                             1001
                 iSTATE3 |                      00000010000 |                             1010
                 iSTATE1 |                      00000100000 |                             1011
                 iSTATE2 |                      00001000000 |                             1100
                  iSTATE |                      00010000000 |                             1101
                 iSTATE9 |                      00100000000 |                             1110
                 iSTATE8 |                      01000000000 |                             1111
                 iSTATE0 |                      10000000000 |                             0010
---------------------------------------------------------------------------------------------------
INFO: [Synth 8-3354] encoded FSM with state register 'RxD_state_reg' using encoding 'one-hot' in module 'async_receiver'
---------------------------------------------------------------------------------------------------
                   State |                     New Encoding |                Previous Encoding 
---------------------------------------------------------------------------------------------------
                 iSTATE5 |                      00000000001 |                             0000
                  iSTATE |                      00000000010 |                             0100
                 iSTATE7 |                      00000000100 |                             1000
                 iSTATE6 |                      00000001000 |                             1001
                 iSTATE4 |                      00000010000 |                             1010
                 iSTATE2 |                      00000100000 |                             1011
                 iSTATE3 |                      00001000000 |                             1100
                 iSTATE0 |                      00010000000 |                             1101
                 iSTATE9 |                      00100000000 |                             1110
                 iSTATE8 |                      01000000000 |                             1111
                 iSTATE1 |                      10000000000 |                             0010
---------------------------------------------------------------------------------------------------
INFO: [Synth 8-3354] encoded FSM with state register 'TxD_state_reg' using encoding 'one-hot' in module 'async_transmitter'
---------------------------------------------------------------------------------------------------
                   State |                     New Encoding |                Previous Encoding 
---------------------------------------------------------------------------------------------------
                 INPUT_A |                               00 |                               00
                 INPUT_B |                               01 |                               01
                 CALC_OP |                               10 |                               10
                 CALC_FO |                               11 |                               11
---------------------------------------------------------------------------------------------------
INFO: [Synth 8-3354] encoded FSM with state register 'flag_reg' using encoding 'sequential' in module 'thinpad_top'
---------------------------------------------------------------------------------
Finished RTL Optimization Phase 2 : Time (s): cpu = 00:00:11 ; elapsed = 00:00:13 . Memory (MB): peak = 797.203 ; gain = 508.012
---------------------------------------------------------------------------------

Report RTL Partitions: 
+-+--------------+------------+----------+
| |RTL Partition |Replication |Instances |
+-+--------------+------------+----------+
+-+--------------+------------+----------+
---------------------------------------------------------------------------------
Start RTL Component Statistics 
---------------------------------------------------------------------------------
Detailed RTL Component Info : 
+---Adders : 
	   3 Input     33 Bit       Adders := 1     
	   2 Input     22 Bit       Adders := 2     
	   2 Input     12 Bit       Adders := 2     
	   2 Input      6 Bit       Adders := 1     
	   2 Input      3 Bit       Adders := 1     
	   2 Input      2 Bit       Adders := 1     
+---XORs : 
	   2 Input     32 Bit         XORs := 1     
+---Registers : 
	               33 Bit    Registers := 1     
	               32 Bit    Registers := 2     
	               22 Bit    Registers := 2     
	               16 Bit    Registers := 1     
	               12 Bit    Registers := 2     
	                8 Bit    Registers := 4     
	                6 Bit    Registers := 1     
	                4 Bit    Registers := 1     
	                3 Bit    Registers := 1     
	                2 Bit    Registers := 2     
	                1 Bit    Registers := 9     
+---Muxes : 
	   2 Input     33 Bit        Muxes := 4     
	   6 Input     33 Bit        Muxes := 3     
	   2 Input     16 Bit        Muxes := 3     
	   4 Input     16 Bit        Muxes := 2     
	   2 Input     12 Bit        Muxes := 2     
	  11 Input     11 Bit        Muxes := 2     
	   2 Input     11 Bit        Muxes := 2     
	   2 Input      8 Bit        Muxes := 1     
	  11 Input      4 Bit        Muxes := 2     
	   2 Input      2 Bit        Muxes := 1     
	   4 Input      2 Bit        Muxes := 1     
	   2 Input      1 Bit        Muxes := 7     
	  11 Input      1 Bit        Muxes := 2     
	   4 Input      1 Bit        Muxes := 7     
---------------------------------------------------------------------------------
Finished RTL Component Statistics 
---------------------------------------------------------------------------------
---------------------------------------------------------------------------------
Start RTL Hierarchical Component Statistics 
---------------------------------------------------------------------------------
Hierarchical RTL Component report 
Module thinpad_top 
Detailed RTL Component Info : 
+---Adders : 
	   3 Input     33 Bit       Adders := 1     
+---XORs : 
	   2 Input     32 Bit         XORs := 1     
+---Registers : 
	               33 Bit    Registers := 1     
	               32 Bit    Registers := 2     
	               16 Bit    Registers := 1     
	                8 Bit    Registers := 2     
	                4 Bit    Registers := 1     
	                1 Bit    Registers := 6     
+---Muxes : 
	   2 Input     33 Bit        Muxes := 4     
	   6 Input     33 Bit        Muxes := 3     
	   2 Input     16 Bit        Muxes := 3     
	   4 Input     16 Bit        Muxes := 2     
	   4 Input      2 Bit        Muxes := 1     
	   2 Input      1 Bit        Muxes := 1     
	   4 Input      1 Bit        Muxes := 7     
Module BaudTickGen 
Detailed RTL Component Info : 
+---Adders : 
	   2 Input     22 Bit       Adders := 1     
+---Registers : 
	               22 Bit    Registers := 1     
Module async_receiver 
Detailed RTL Component Info : 
+---Adders : 
	   2 Input      6 Bit       Adders := 1     
	   2 Input      3 Bit       Adders := 1     
	   2 Input      2 Bit       Adders := 1     
+---Registers : 
	                8 Bit    Registers := 1     
	                6 Bit    Registers := 1     
	                3 Bit    Registers := 1     
	                2 Bit    Registers := 2     
	                1 Bit    Registers := 3     
+---Muxes : 
	  11 Input     11 Bit        Muxes := 1     
	   2 Input     11 Bit        Muxes := 1     
	  11 Input      4 Bit        Muxes := 1     
	   2 Input      2 Bit        Muxes := 1     
	   2 Input      1 Bit        Muxes := 4     
	  11 Input      1 Bit        Muxes := 1     
Module BaudTickGen__parameterized0 
Detailed RTL Component Info : 
+---Adders : 
	   2 Input     22 Bit       Adders := 1     
+---Registers : 
	               22 Bit    Registers := 1     
Module async_transmitter 
Detailed RTL Component Info : 
+---Registers : 
	                8 Bit    Registers := 1     
+---Muxes : 
	  11 Input     11 Bit        Muxes := 1     
	   2 Input     11 Bit        Muxes := 1     
	   2 Input      8 Bit        Muxes := 1     
	  11 Input      4 Bit        Muxes := 1     
	  11 Input      1 Bit        Muxes := 1     
	   2 Input      1 Bit        Muxes := 1     
Module vga 
Detailed RTL Component Info : 
+---Adders : 
	   2 Input     12 Bit       Adders := 2     
+---Registers : 
	               12 Bit    Registers := 2     
+---Muxes : 
	   2 Input     12 Bit        Muxes := 2     
	   2 Input      1 Bit        Muxes := 1     
---------------------------------------------------------------------------------
Finished RTL Hierarchical Component Statistics
---------------------------------------------------------------------------------
---------------------------------------------------------------------------------
Start Part Resource Summary
---------------------------------------------------------------------------------
Part Resources:
DSPs: 240 (col length:80)
BRAMs: 270 (col length: RAMB18 80 RAMB36 40)
---------------------------------------------------------------------------------
Finished Part Resource Summary
---------------------------------------------------------------------------------
---------------------------------------------------------------------------------
Start Cross Boundary and Area Optimization
---------------------------------------------------------------------------------
Warning: Parallel synthesis criteria is not met 
WARNING: [Synth 8-6014] Unused sequential element ext_uart_r/RxD_endofpacket_reg was removed.  [D:/2018autumn/organization/Simple-ALU/thinpad_top.srcs/sources_1/new/async.v:176]
INFO: [Synth 8-5546] ROM "vga800x600at75/vdata" won't be mapped to RAM because it is too sparse
INFO: [Synth 8-5545] ROM "zf" won't be mapped to RAM because address size (32) is larger than maximum supported(25)
---------------------------------------------------------------------------------
Finished Cross Boundary and Area Optimization : Time (s): cpu = 00:00:13 ; elapsed = 00:00:15 . Memory (MB): peak = 797.203 ; gain = 508.012
---------------------------------------------------------------------------------

Report RTL Partitions: 
+-+--------------+------------+----------+
| |RTL Partition |Replication |Instances |
+-+--------------+------------+----------+
+-+--------------+------------+----------+
---------------------------------------------------------------------------------
Start Applying XDC Timing Constraints
---------------------------------------------------------------------------------
INFO: [Synth 8-5578] Moved timing constraint from pin 'clock_gen/clk_out1' to pin 'clock_gen/bbstub_clk_out1/O'
INFO: [Synth 8-5578] Moved timing constraint from pin 'clock_gen/clk_out2' to pin 'clock_gen/bbstub_clk_out2/O'
WARNING: [Synth 8-565] redefining clock 'clk_50M'
INFO: [Synth 8-5819] Moved 2 constraints on hierarchical pins to their respective driving/loading pins
---------------------------------------------------------------------------------
Finished Applying XDC Timing Constraints : Time (s): cpu = 00:00:20 ; elapsed = 00:00:24 . Memory (MB): peak = 797.203 ; gain = 508.012
---------------------------------------------------------------------------------
---------------------------------------------------------------------------------
Start Timing Optimization
---------------------------------------------------------------------------------
---------------------------------------------------------------------------------
Finished Timing Optimization : Time (s): cpu = 00:00:21 ; elapsed = 00:00:24 . Memory (MB): peak = 801.004 ; gain = 511.813
---------------------------------------------------------------------------------

Report RTL Partitions: 
+-+--------------+------------+----------+
| |RTL Partition |Replication |Instances |
+-+--------------+------------+----------+
+-+--------------+------------+----------+
---------------------------------------------------------------------------------
Start Technology Mapping
---------------------------------------------------------------------------------
---------------------------------------------------------------------------------
Finished Technology Mapping : Time (s): cpu = 00:00:21 ; elapsed = 00:00:24 . Memory (MB): peak = 806.738 ; gain = 517.547
---------------------------------------------------------------------------------

Report RTL Partitions: 
+-+--------------+------------+----------+
| |RTL Partition |Replication |Instances |
+-+--------------+------------+----------+
+-+--------------+------------+----------+
---------------------------------------------------------------------------------
Start IO Insertion
---------------------------------------------------------------------------------
---------------------------------------------------------------------------------
Start Flattening Before IO Insertion
---------------------------------------------------------------------------------
---------------------------------------------------------------------------------
Finished Flattening Before IO Insertion
---------------------------------------------------------------------------------
---------------------------------------------------------------------------------
Start Final Netlist Cleanup
---------------------------------------------------------------------------------
---------------------------------------------------------------------------------
Finished Final Netlist Cleanup
---------------------------------------------------------------------------------
---------------------------------------------------------------------------------
Finished IO Insertion : Time (s): cpu = 00:00:22 ; elapsed = 00:00:25 . Memory (MB): peak = 806.738 ; gain = 517.547
---------------------------------------------------------------------------------

Report Check Netlist: 
+------+------------------+-------+---------+-------+------------------+
|      |Item              |Errors |Warnings |Status |Description       |
+------+------------------+-------+---------+-------+------------------+
|1     |multi_driven_nets |      0|        0|Passed |Multi driven nets |
+------+------------------+-------+---------+-------+------------------+
---------------------------------------------------------------------------------
Start Renaming Generated Instances
---------------------------------------------------------------------------------
---------------------------------------------------------------------------------
Finished Renaming Generated Instances : Time (s): cpu = 00:00:22 ; elapsed = 00:00:25 . Memory (MB): peak = 806.738 ; gain = 517.547
---------------------------------------------------------------------------------

Report RTL Partitions: 
+-+--------------+------------+----------+
| |RTL Partition |Replication |Instances |
+-+--------------+------------+----------+
+-+--------------+------------+----------+
---------------------------------------------------------------------------------
Start Rebuilding User Hierarchy
---------------------------------------------------------------------------------
---------------------------------------------------------------------------------
Finished Rebuilding User Hierarchy : Time (s): cpu = 00:00:22 ; elapsed = 00:00:25 . Memory (MB): peak = 806.738 ; gain = 517.547
---------------------------------------------------------------------------------
---------------------------------------------------------------------------------
Start Renaming Generated Ports
---------------------------------------------------------------------------------
---------------------------------------------------------------------------------
Finished Renaming Generated Ports : Time (s): cpu = 00:00:22 ; elapsed = 00:00:25 . Memory (MB): peak = 806.738 ; gain = 517.547
---------------------------------------------------------------------------------
---------------------------------------------------------------------------------
Start Handling Custom Attributes
---------------------------------------------------------------------------------
---------------------------------------------------------------------------------
Finished Handling Custom Attributes : Time (s): cpu = 00:00:22 ; elapsed = 00:00:25 . Memory (MB): peak = 806.738 ; gain = 517.547
---------------------------------------------------------------------------------
---------------------------------------------------------------------------------
Start Renaming Generated Nets
---------------------------------------------------------------------------------
---------------------------------------------------------------------------------
Finished Renaming Generated Nets : Time (s): cpu = 00:00:22 ; elapsed = 00:00:25 . Memory (MB): peak = 806.738 ; gain = 517.547
---------------------------------------------------------------------------------
---------------------------------------------------------------------------------
Start Writing Synthesis Report
---------------------------------------------------------------------------------

Report BlackBoxes: 
+------+--------------+----------+
|      |BlackBox name |Instances |
+------+--------------+----------+
|1     |pll_example   |         1|
+------+--------------+----------+

Report Cell Usage: 
+------+------------+------+
|      |Cell        |Count |
+------+------------+------+
|1     |pll_example |     1|
|2     |BUFG        |     1|
|3     |CARRY4      |    27|
|4     |LUT1        |    13|
|5     |LUT2        |    11|
|6     |LUT3        |    11|
|7     |LUT4        |    24|
|8     |LUT5        |    25|
|9     |LUT6        |   119|
|10    |FDCE        |   103|
|11    |FDPE        |    16|
|12    |FDRE        |   132|
|13    |FDSE        |     5|
|14    |IBUF        |    35|
|15    |OBUF        |    29|
|16    |OBUFT       |   112|
+------+------------+------+

Report Instance Areas: 
+------+-----------------+----------------------------+------+
|      |Instance         |Module                      |Cells |
+------+-----------------+----------------------------+------+
|1     |top              |                            |   666|
|2     |  ext_uart_r     |async_receiver              |    77|
|3     |    tickgen      |BaudTickGen                 |    41|
|4     |  ext_uart_t     |async_transmitter           |    69|
|5     |    tickgen      |BaudTickGen__parameterized0 |    37|
|6     |  vga800x600at75 |vga                         |    54|
+------+-----------------+----------------------------+------+
---------------------------------------------------------------------------------
Finished Writing Synthesis Report : Time (s): cpu = 00:00:22 ; elapsed = 00:00:25 . Memory (MB): peak = 806.738 ; gain = 517.547
---------------------------------------------------------------------------------
Synthesis finished with 0 errors, 0 critical warnings and 221 warnings.
Synthesis Optimization Runtime : Time (s): cpu = 00:00:13 ; elapsed = 00:00:18 . Memory (MB): peak = 806.738 ; gain = 153.746
Synthesis Optimization Complete : Time (s): cpu = 00:00:22 ; elapsed = 00:00:25 . Memory (MB): peak = 806.738 ; gain = 517.547
INFO: [Project 1-571] Translating synthesized netlist
INFO: [Netlist 29-17] Analyzing 62 Unisim elements for replacement
INFO: [Netlist 29-28] Unisim Transformation completed in 0 CPU seconds
INFO: [Project 1-570] Preparing netlist for logic optimization
INFO: [Opt 31-140] Inserted 1 IBUFs to IO ports without IO buffers.
INFO: [Opt 31-138] Pushed 0 inverter(s) to 0 load pin(s).
INFO: [Project 1-111] Unisim Transformation Summary:
No Unisim elements were transformed.

INFO: [Common 17-83] Releasing license: Synthesis
50 Infos, 148 Warnings, 0 Critical Warnings and 0 Errors encountered.
synth_design completed successfully
synth_design: Time (s): cpu = 00:00:24 ; elapsed = 00:00:27 . Memory (MB): peak = 806.738 ; gain = 529.016
WARNING: [Constraints 18-5210] No constraint will be written out.
INFO: [Common 17-1381] The checkpoint 'D:/2018autumn/organization/Simple-ALU/thinpad_top.runs/synth_1/thinpad_top.dcp' has been generated.
INFO: [runtcl-4] Executing : report_utilization -file thinpad_top_utilization_synth.rpt -pb thinpad_top_utilization_synth.pb
report_utilization: Time (s): cpu = 00:00:00 ; elapsed = 00:00:00.053 . Memory (MB): peak = 806.738 ; gain = 0.000
INFO: [Common 17-206] Exiting Vivado at Tue Oct 16 19:21:27 2018...
