
*** Running vivado
    with args -log pll_example.vds -m64 -product Vivado -mode batch -messageDb vivado.pb -notrace -source pll_example.tcl


****** Vivado v2018.2 (64-bit)
  **** SW Build 2258646 on Thu Jun 14 20:03:12 MDT 2018
  **** IP Build 2256618 on Thu Jun 14 22:10:49 MDT 2018
    ** Copyright 1986-2018 Xilinx, Inc. All Rights Reserved.

source pll_example.tcl -notrace
Command: synth_design -top pll_example -part xc7a100tfgg676-2L -mode out_of_context
Starting synth_design
WARNING: [Vivado_Tcl 4-391] The following IPs are missing output products for Synthesis target. These output products could be required for synthesis, please generate the output products using the generate_target or synth_ip command before running synth_design.
C:/Users/19081/Desktop/大三秋季学期/计原/thinpad_top-rev.3/thinpad_top-rev.3/thinpad_top.srcs/sources_1/ip/pll_example/pll_example.xci

WARNING: [Vivado_Tcl 4-391] The following IPs are missing output products for Implementation target. These output products could be required for synthesis, please generate the output products using the generate_target or synth_ip command before running synth_design.
C:/Users/19081/Desktop/大三秋季学期/计原/thinpad_top-rev.3/thinpad_top-rev.3/thinpad_top.srcs/sources_1/ip/pll_example/pll_example.xci

INFO: [IP_Flow 19-2162] IP 'pll_example' is locked:
* IP definition 'Clocking Wizard (6.0)' for IP 'pll_example' (customized with software release 2018.1) has a different revision in the IP Catalog.
Please select 'Report IP Status' from the 'Tools/Report' menu or run Tcl command 'report_ip_status' for more information.
Attempting to get a license for feature 'Synthesis' and/or device 'xc7a100t'
INFO: [Common 17-349] Got license for feature 'Synthesis' and/or device 'xc7a100t'
INFO: Launching helper process for spawning children vivado processes
INFO: Helper process launched with PID 16308 
---------------------------------------------------------------------------------
Starting RTL Elaboration : Time (s): cpu = 00:00:05 ; elapsed = 00:00:12 . Memory (MB): peak = 390.145 ; gain = 97.203
---------------------------------------------------------------------------------
ERROR: [Synth 8-439] module 'pll_example' not found
---------------------------------------------------------------------------------
Finished RTL Elaboration : Time (s): cpu = 00:00:07 ; elapsed = 00:00:15 . Memory (MB): peak = 444.055 ; gain = 151.113
---------------------------------------------------------------------------------
RTL Elaboration failed
INFO: [Common 17-83] Releasing license: Synthesis
3 Infos, 2 Warnings, 0 Critical Warnings and 2 Errors encountered.
synth_design failed
ERROR: [Common 17-69] Command failed: Synthesis failed - please see the console or run log file for details
INFO: [Common 17-206] Exiting Vivado at Sun Oct 14 15:30:12 2018...
