Copyright 1986-2018 Xilinx, Inc. All Rights Reserved.
-----------------------------------------------------------------------------------------------------------------------------------------------------------------------
| Tool Version : Vivado v.2018.2 (win64) Build 2258646 Thu Jun 14 20:03:12 MDT 2018
| Date         : Mon Oct 29 16:35:11 2018
| Host         : LAPTOP-5JKB6L2D running 64-bit major release  (build 9200)
| Command      : report_methodology -file thinpad_top_methodology_drc_routed.rpt -pb thinpad_top_methodology_drc_routed.pb -rpx thinpad_top_methodology_drc_routed.rpx
| Design       : thinpad_top
| Device       : xc7a100tfgg676-2L
| Speed File   : -2L
| Design State : Routed
-----------------------------------------------------------------------------------------------------------------------------------------------------------------------

Report Methodology

Table of Contents
-----------------
1. REPORT SUMMARY
2. REPORT DETAILS

1. REPORT SUMMARY
-----------------
            Netlist: netlist
          Floorplan: design_1
      Design limits: <entire design considered>
             Max violations: <unlimited>
             Violations found: 29
+-----------+----------+-------------------------------+------------+
| Rule      | Severity | Description                   | Violations |
+-----------+----------+-------------------------------+------------+
| TIMING-18 | Warning  | Missing input or output delay | 29         |
+-----------+----------+-------------------------------+------------+

2. REPORT DETAILS
-----------------
TIMING-18#1 Warning
Missing input or output delay  
An input delay is missing on rxd relative to clock(s) clk_50M
Related violations: <none>

TIMING-18#2 Warning
Missing input or output delay  
An output delay is missing on leds[0] relative to clock(s) clk_50M
Related violations: <none>

TIMING-18#3 Warning
Missing input or output delay  
An output delay is missing on leds[10] relative to clock(s) clk_50M
Related violations: <none>

TIMING-18#4 Warning
Missing input or output delay  
An output delay is missing on leds[11] relative to clock(s) clk_50M
Related violations: <none>

TIMING-18#5 Warning
Missing input or output delay  
An output delay is missing on leds[12] relative to clock(s) clk_50M
Related violations: <none>

TIMING-18#6 Warning
Missing input or output delay  
An output delay is missing on leds[13] relative to clock(s) clk_50M
Related violations: <none>

TIMING-18#7 Warning
Missing input or output delay  
An output delay is missing on leds[14] relative to clock(s) clk_50M
Related violations: <none>

TIMING-18#8 Warning
Missing input or output delay  
An output delay is missing on leds[15] relative to clock(s) clk_50M
Related violations: <none>

TIMING-18#9 Warning
Missing input or output delay  
An output delay is missing on leds[1] relative to clock(s) clk_50M
Related violations: <none>

TIMING-18#10 Warning
Missing input or output delay  
An output delay is missing on leds[2] relative to clock(s) clk_50M
Related violations: <none>

TIMING-18#11 Warning
Missing input or output delay  
An output delay is missing on leds[3] relative to clock(s) clk_50M
Related violations: <none>

TIMING-18#12 Warning
Missing input or output delay  
An output delay is missing on leds[4] relative to clock(s) clk_50M
Related violations: <none>

TIMING-18#13 Warning
Missing input or output delay  
An output delay is missing on leds[5] relative to clock(s) clk_50M
Related violations: <none>

TIMING-18#14 Warning
Missing input or output delay  
An output delay is missing on leds[6] relative to clock(s) clk_50M
Related violations: <none>

TIMING-18#15 Warning
Missing input or output delay  
An output delay is missing on leds[7] relative to clock(s) clk_50M
Related violations: <none>

TIMING-18#16 Warning
Missing input or output delay  
An output delay is missing on leds[8] relative to clock(s) clk_50M
Related violations: <none>

TIMING-18#17 Warning
Missing input or output delay  
An output delay is missing on leds[9] relative to clock(s) clk_50M
Related violations: <none>

TIMING-18#18 Warning
Missing input or output delay  
An output delay is missing on txd relative to clock(s) clk_50M
Related violations: <none>

TIMING-18#19 Warning
Missing input or output delay  
An output delay is missing on video_blue[0] relative to clock(s) clk_50M
Related violations: <none>

TIMING-18#20 Warning
Missing input or output delay  
An output delay is missing on video_blue[1] relative to clock(s) clk_50M
Related violations: <none>

TIMING-18#21 Warning
Missing input or output delay  
An output delay is missing on video_de relative to clock(s) clk_50M
Related violations: <none>

TIMING-18#22 Warning
Missing input or output delay  
An output delay is missing on video_green[0] relative to clock(s) clk_50M
Related violations: <none>

TIMING-18#23 Warning
Missing input or output delay  
An output delay is missing on video_green[1] relative to clock(s) clk_50M
Related violations: <none>

TIMING-18#24 Warning
Missing input or output delay  
An output delay is missing on video_green[2] relative to clock(s) clk_50M
Related violations: <none>

TIMING-18#25 Warning
Missing input or output delay  
An output delay is missing on video_hsync relative to clock(s) clk_50M
Related violations: <none>

TIMING-18#26 Warning
Missing input or output delay  
An output delay is missing on video_red[0] relative to clock(s) clk_50M
Related violations: <none>

TIMING-18#27 Warning
Missing input or output delay  
An output delay is missing on video_red[1] relative to clock(s) clk_50M
Related violations: <none>

TIMING-18#28 Warning
Missing input or output delay  
An output delay is missing on video_red[2] relative to clock(s) clk_50M
Related violations: <none>

TIMING-18#29 Warning
Missing input or output delay  
An output delay is missing on video_vsync relative to clock(s) clk_50M
Related violations: <none>


